Sjasm Z80 Assembler v0.42c - www.xl2s.tk             [2021.04.09 - 07:43:54]

asm/world3.asm
Errors: 0

       1   00:0000                        
       2   00:0000                              output "world3.bin"
       3   00:D000                      
       4   00:D000  FE                      db   #fe               ; ID archivo binario, siempre hay que poner el mismo -1FEh
       5   00:D001  00 D0                   dw   INICIO            ; dirección de inicio
       6   00:D003  E0 D2                   dw   FINAL - 1         ; dirección final
       7   00:D005  00 D0                   dw   INICIO             ; dircción del programa de ejecución (para cuando pongas r en bload"nombre_programa", r)
       8   00:D007                      
       9   00:D007                          org #d000 ; o 57344, org se utiliza para decirle al z80 en que posición de memoria RAM empieza nuestro programa en ensamblador
      10   00:D000                      
      11   00:D000                      INICIO:
      12   00:D000  C9                      ret ; el ret es necesario para que vuelva al basic
      13   00:D001                      level0:
      14   00:D001                          ;200 tiles de ancho x 23 de alto, dejamos 3 tiles en la parte de debajo para el marcador
      15   00:D001                      
      16   00:D001                      
      17   00:D001                      
      18   00:D001                          db 224,224,224,224,224,224,224,224,224,224,224,224,224,224,224,224,224,224,224,224,224,224,224,224,224,224,224,224,224,224,224,224
      18   00:D001  E0 E0 E0 E0 E0 E0 E0 E0 E0 E0 E0 E0 E0 E0 E0 E0 
      18   00:D011  E0 E0 E0 E0 E0 E0 E0 E0 E0 E0 E0 E0 E0 E0 E0 E0 
      19   00:D021                          db -1,-1,-1,-1,-1,-1,-1,-1,-1,-1,-1,-1,-1,-1,-1,-1,-1,-1,-1,-1,-1,-1,-1,-1,-1,-1,-1,-1,-1,-1,-1,224
      19   00:D021  FF FF FF FF FF FF FF FF FF FF FF FF FF FF FF FF 
      19   00:D031  FF FF FF FF FF FF FF FF FF FF FF FF FF FF FF E0 
      20   00:D041                          db 8,9,-1,-1,-1,-1,-1,-1,-1,-1,-1,-1,-1,-1,-1,-1,-1,-1,-1,-1,-1,-1,-1,-1,-1,-1,-1,-1,-1,-1,-1,224
      20   00:D041  08 09 FF FF FF FF FF FF FF FF FF FF FF FF FF FF 
      20   00:D051  FF FF FF FF FF FF FF FF FF FF FF FF FF FF FF E0 
      21   00:D061                          db 40,41,-1,-1,-1,-1,-1,-1,-1,-1,-1,-1,-1,-1,-1,-1,-1,-1,-1,-1,-1,-1,-1,-1,-1,-1,-1,-1,-1,-1,-1,224
      21   00:D061  28 29 FF FF FF FF FF FF FF FF FF FF FF FF FF FF 
      21   00:D071  FF FF FF FF FF FF FF FF FF FF FF FF FF FF FF E0 
      22   00:D081                          db 224,224,224,224,-1,-1,-1,224,224,224,224,-1,-1,224,224,224,224,224,224,224,224,-1,-1,224,224,224,224,-1,-1,-1,-1,224
      22   00:D081  E0 E0 E0 E0 FF FF FF E0 E0 E0 E0 FF FF E0 E0 E0 
      22   00:D091  E0 E0 E0 E0 E0 FF FF E0 E0 E0 E0 FF FF FF FF E0 
      23   00:D0A1                          db -1,-1,-1,-1,-1,-1,-1,-1,-1,-1,-1,-1,-1,-1,-1,-1,-1,-1,-1,-1,-1,-1,-1,-1,-1,-1,-1,-1,-1,-1,-1,224
      23   00:D0A1  FF FF FF FF FF FF FF FF FF FF FF FF FF FF FF FF 
      23   00:D0B1  FF FF FF FF FF FF FF FF FF FF FF FF FF FF FF E0 
      24   00:D0C1                          db -1,-1,-1,-1,-1,-1,-1,-1,-1,-1,-1,-1,-1,-1,-1,-1,-1,-1,-1,-1,-1,-1,-1,-1,-1,-1,-1,224,224,224,224,224
      24   00:D0C1  FF FF FF FF FF FF FF FF FF FF FF FF FF FF FF FF 
      24   00:D0D1  FF FF FF FF FF FF FF FF FF FF FF E0 E0 E0 E0 E0 
      25   00:D0E1                          db -1,-1,-1,-1,-1,-1,-1,-1,-1,-1,-1,-1,-1,-1,-1,-1,-1,-1,-1,-1,-1,-1,-1,-1,-1,-1,224,224,224,224,224,224
      25   00:D0E1  FF FF FF FF FF FF FF FF FF FF FF FF FF FF FF FF 
      25   00:D0F1  FF FF FF FF FF FF FF FF FF FF E0 E0 E0 E0 E0 E0 
      26   00:D101                          db 224,224,224,224,224,224,224,224,224,224,224,224,224,224,224,224,224,224,224,224,224,224,224,224,224,224,224,224,-1,-1,-1,-1
      26   00:D101  E0 E0 E0 E0 E0 E0 E0 E0 E0 E0 E0 E0 E0 E0 E0 E0 
      26   00:D111  E0 E0 E0 E0 E0 E0 E0 E0 E0 E0 E0 E0 FF FF FF FF 
      27   00:D121                          db 224,224,224,224,224,224,224,224,224,224,224,224,224,224,224,224,224,224,224,224,224,-1,-1,-1,-1,-1,-1,-1,-1,-1,-1,-1
      27   00:D121  E0 E0 E0 E0 E0 E0 E0 E0 E0 E0 E0 E0 E0 E0 E0 E0 
      27   00:D131  E0 E0 E0 E0 E0 FF FF FF FF FF FF FF FF FF FF FF 
      28   00:D141                          db 224,224,224,224,224,224,224,224,224,224,224,224,224,224,224,224,224,-1,-1,-1,-1,-1,-1,-1,-1,-1,-1,-1,-1,-1,-1,-1
      28   00:D141  E0 E0 E0 E0 E0 E0 E0 E0 E0 E0 E0 E0 E0 E0 E0 E0 
      28   00:D151  E0 FF FF FF FF FF FF FF FF FF FF FF FF FF FF FF 
      29   00:D161                          db 224,224,224,224,224,224,224,224,224,224,224,224,-1,-1,-1,-1,-1,-1,-1,-1,-1,-1,-1,-1,-1,224,224,224,224,224,-1,-1
      29   00:D161  E0 E0 E0 E0 E0 E0 E0 E0 E0 E0 E0 E0 FF FF FF FF 
      29   00:D171  FF FF FF FF FF FF FF FF FF E0 E0 E0 E0 E0 FF FF 
      30   00:D181                          db 224,224,224,224,224,224,224,224,224,-1,-1,-1,-1,-1,-1,-1,-1,-1,-1,-1,-1,-1,-1,-1,-1,224,224,224,224,224,-1,-1
      30   00:D181  E0 E0 E0 E0 E0 E0 E0 E0 E0 FF FF FF FF FF FF FF 
      30   00:D191  FF FF FF FF FF FF FF FF FF E0 E0 E0 E0 E0 FF FF 
      31   00:D1A1                          db 224,224,224,224,224,224,224,-1,-1,-1,-1,-1,-1,-1,-1,-1,-1,-1,-1,-1,-1,-1,224,224,224,224,224,-1,-1,-1,-1,-1
      31   00:D1A1  E0 E0 E0 E0 E0 E0 E0 FF FF FF FF FF FF FF FF FF 
      31   00:D1B1  FF FF FF FF FF FF E0 E0 E0 E0 E0 FF FF FF FF FF 
      32   00:D1C1                          db 224,224,224,224,-1,-1,-1,-1,-1,-1,-1,-1,-1,-1,-1,-1,-1,-1,-1,-1,-1,-1,224,224,224,224,224,-1,-1,-1,-1,-1
      32   00:D1C1  E0 E0 E0 E0 FF FF FF FF FF FF FF FF FF FF FF FF 
      32   00:D1D1  FF FF FF FF FF FF E0 E0 E0 E0 E0 FF FF FF FF FF 
      33   00:D1E1                          db 224,224,224,-1,-1,-1,-1,-1,-1,-1,-1,-1,-1,-1,-1,-1,224,224,224,224,224,224,224,224,224,224,224,-1,-1,-1,-1,-1
      33   00:D1E1  E0 E0 E0 FF FF FF FF FF FF FF FF FF FF FF FF FF 
      33   00:D1F1  E0 E0 E0 E0 E0 E0 E0 E0 E0 E0 E0 FF FF FF FF FF 
      34   00:D201                          db 224,224,-1,-1,-1,-1,-1,-1,-1,-1,-1,-1,-1,-1,-1,-1,224,224,224,224,224,224,224,224,224,224,224,-1,-1,224,224,224
      34   00:D201  E0 E0 FF FF FF FF FF FF FF FF FF FF FF FF FF FF 
      34   00:D211  E0 E0 E0 E0 E0 E0 E0 E0 E0 E0 E0 FF FF E0 E0 E0 
      35   00:D221                          db 224,-1,-1,-1,-1,-1,-1,-1,-1,-1,-1,224,224,224,224,224,224,224,224,224,224,224,224,224,224,224,224,-1,-1,224,224,224
      35   00:D221  E0 FF FF FF FF FF FF FF FF FF FF E0 E0 E0 E0 E0 
      35   00:D231  E0 E0 E0 E0 E0 E0 E0 E0 E0 E0 E0 FF FF E0 E0 E0 
      36   00:D241                          db -1,-1,-1,-1,-1,-1,-1,-1,-1,-1,-1,224,224,224,224,224,224,224,224,168,169,-1,-1,-1,-1,-1,-1,-1,-1,224,224,224
      36   00:D241  FF FF FF FF FF FF FF FF FF FF FF E0 E0 E0 E0 E0 
      36   00:D251  E0 E0 E0 A8 A9 FF FF FF FF FF FF FF FF E0 E0 E0 
      37   00:D261                          db -1,-1,-1,-1,-1,-1,224,224,224,224,224,224,224,224,224,224,224,224,224,200,201,-1,-1,-1,-1,-1,-1,-1,-1,224,224,224
      37   00:D261  FF FF FF FF FF FF E0 E0 E0 E0 E0 E0 E0 E0 E0 E0 
      37   00:D271  E0 E0 E0 C8 C9 FF FF FF FF FF FF FF FF E0 E0 E0 
      38   00:D281                          db -1,-1,-1,-1,-1,-1,224,224,224,224,224,224,224,224,224,224,224,224,224,232,233,-1,-1,-1,-1,-1,-1,-1,-1,224,224,224
      38   00:D281  FF FF FF FF FF FF E0 E0 E0 E0 E0 E0 E0 E0 E0 E0 
      38   00:D291  E0 E0 E0 E8 E9 FF FF FF FF FF FF FF FF E0 E0 E0 
      39   00:D2A1                          db -1,224,224,224,224,224,224,224,224,224,224,224,224,224,224,224,224,224,224,224,224,224,224,224,224,224,224,224,224,224,224,224
      39   00:D2A1  FF E0 E0 E0 E0 E0 E0 E0 E0 E0 E0 E0 E0 E0 E0 E0 
      39   00:D2B1  E0 E0 E0 E0 E0 E0 E0 E0 E0 E0 E0 E0 E0 E0 E0 E0 
      40   00:D2C1                          db 224,224,224,224,224,224,224,224,224,224,224,224,224,224,224,224,224,224,224,224,224,224,224,224,224,224,224,224,224,224,224,224
      40   00:D2C1  E0 E0 E0 E0 E0 E0 E0 E0 E0 E0 E0 E0 E0 E0 E0 E0 
      40   00:D2D1  E0 E0 E0 E0 E0 E0 E0 E0 E0 E0 E0 E0 E0 E0 E0 E0 
      41   00:D2E1                      
      42   00:D2E1                      
      43   00:D2E1                      
      44   00:D2E1                      FINAL:

    LABELS
-------------------------------------------------
00:0000D000   INICIO
00:0000D001 X level0
00:0000D2E1   FINAL


 Output: asm/world3.out
-------------------------------------------------

 Page: 00
  Org: 0000D000  Size: *  Used: 00000000

    No output

 Output: world3.bin
-------------------------------------------------

 Page: 00
  Org: 0000D000  Size: *  Used: 000002E8

   Address   Length Align   Label
   0000D000     744         INICIO
