Sjasm Z80 Assembler v0.42c - www.xl2s.tk             [2021.03.25 - 07:58:06]

world0.asm
Errors: 0

       1   00:0000                          output "world0.bin"
       2   00:D000                      
       3   00:D000  FE                      db   #fe               ; ID archivo binario, siempre hay que poner el mismo -1FEh
       4   00:D001  00 D0                   dw   INICIO            ; dirección de inicio
       5   00:D003  E0 D2                   dw   FINAL - 1         ; dirección final
       6   00:D005  00 D0                   dw   INICIO             ; dircción del programa de ejecución (para cuando pongas r en bload"nombre_programa", r)
       7   00:D007                      
       8   00:D007                          org #d000 ; o 57344, org se utiliza para decirle al z80 en que posición de memoria RAM empieza nuestro programa en ensamblador
       9   00:D000                      
      10   00:D000                      INICIO:
      11   00:D000  C9                      ret ; el ret es necesario para que vuelva al basic
      12   00:D001                      MAP:
      13   00:D001                      
      14   00:D001                         db -1,-1,-1,-1,-1,-1,-1,-1,-1,-1,-1,-1,-1,-1,-1,-1,-1,-1,-1,-1,-1,-1,-1,-1,-1,-1,-1,-1,-1,-1,34,35
      14   00:D001  FF FF FF FF FF FF FF FF FF FF FF FF FF FF FF FF 
      14   00:D011  FF FF FF FF FF FF FF FF FF FF FF FF FF FF 22 23 
      15   00:D021                         db 4,5,4,2,3,5,4,-1,-1,5,4,4,5,4,5,4,5,4,5,4,5,4,5,-1,-1,4,5,4,5,4,4,5
      15   00:D021  04 05 04 02 03 05 04 FF FF 05 04 04 05 04 05 04 
      15   00:D031  05 04 05 04 05 04 05 FF FF 04 05 04 05 04 04 05 
      16   00:D041                         db 36,37,36,34,35,37,36,-1,-1,37,36,36,37,36,37,36,37,36,37,36,37,36,37,-1,-1,36,37,36,37,36,36,37
      16   00:D041  24 25 24 22 23 25 24 FF FF 25 24 24 25 24 25 24 
      16   00:D051  25 24 25 24 25 24 25 FF FF 24 25 24 25 24 24 25 
      17   00:D061                         db -1,-1,-1,2,3,-1,-1,-1,-1,-1,-1,-1,-1,-1,-1,-1,-1,-1,-1,-1,-1,-1,-1,-1,-1,-1,-1,-1,-1,-1,-1,-1
      17   00:D061  FF FF FF 02 03 FF FF FF FF FF FF FF FF FF FF FF 
      17   00:D071  FF FF FF FF FF FF FF FF FF FF FF FF FF FF FF FF 
      18   00:D081                         db -1,-1,-1,34,35,-1,-1,-1,-1,-1,-1,-1,-1,-1,-1,-1,-1,-1,-1,-1,-1,-1,-1,-1,-1,-1,-1,-1,-1,-1,-1,-1
      18   00:D081  FF FF FF 22 23 FF FF FF FF FF FF FF FF FF FF FF 
      18   00:D091  FF FF FF FF FF FF FF FF FF FF FF FF FF FF FF FF 
      19   00:D0A1                         db -1,-1,-1,2,3,-1,-1,-1,-1,-1,-1,-1,-1,-1,-1,-1,-1,-1,-1,-1,-1,-1,-1,-1,-1,-1,-1,-1,-1,-1,-1,-1
      19   00:D0A1  FF FF FF 02 03 FF FF FF FF FF FF FF FF FF FF FF 
      19   00:D0B1  FF FF FF FF FF FF FF FF FF FF FF FF FF FF FF FF 
      20   00:D0C1                         db -1,-1,-1,2,3,-1,-1,-1,-1,-1,-1,-1,-1,-1,-1,-1,-1,-1,-1,-1,-1,-1,-1,-1,-1,-1,-1,-1,-1,-1,-1,-1
      20   00:D0C1  FF FF FF 02 03 FF FF FF FF FF FF FF FF FF FF FF 
      20   00:D0D1  FF FF FF FF FF FF FF FF FF FF FF FF FF FF FF FF 
      21   00:D0E1                         db -1,-1,-1,34,35,-1,-1,-1,-1,-1,-1,-1,-1,-1,-1,-1,-1,-1,-1,-1,-1,-1,-1,-1,-1,-1,-1,-1,-1,-1,-1,-1
      21   00:D0E1  FF FF FF 22 23 FF FF FF FF FF FF FF FF FF FF FF 
      21   00:D0F1  FF FF FF FF FF FF FF FF FF FF FF FF FF FF FF FF 
      22   00:D101                         db 4,5,4,5,4,5,4,5,4,5,4,5,4,-1,-1,5,4,5,4,5,4,5,4,5,-1,-1,4,5,2,3,4,5
      22   00:D101  04 05 04 05 04 05 04 05 04 05 04 05 04 FF FF 05 
      22   00:D111  04 05 04 05 04 05 04 05 FF FF 04 05 02 03 04 05 
      23   00:D121                         db 36,37,36,37,36,37,36,37,36,37,36,37,36,-1,-1,37,36,37,36,37,36,37,36,37,-1,-1,36,37,34,35,36,37
      23   00:D121  24 25 24 25 24 25 24 25 24 25 24 25 24 FF FF 25 
      23   00:D131  24 25 24 25 24 25 24 25 FF FF 24 25 22 23 24 25 
      24   00:D141                         db -1,-1,-1,-1,-1,-1,-1,-1,-1,-1,-1,-1,-1,-1,-1,-1,-1,-1,-1,-1,-1,-1,-1,-1,-1,-1,-1,-1,2,3,-1,-1
      24   00:D141  FF FF FF FF FF FF FF FF FF FF FF FF FF FF FF FF 
      24   00:D151  FF FF FF FF FF FF FF FF FF FF FF FF 02 03 FF FF 
      25   00:D161                         db -1,-1,-1,-1,-1,-1,-1,-1,-1,-1,-1,-1,-1,-1,-1,-1,-1,-1,-1,-1,-1,-1,-1,-1,-1,-1,-1,-1,34,35,-1,-1
      25   00:D161  FF FF FF FF FF FF FF FF FF FF FF FF FF FF FF FF 
      25   00:D171  FF FF FF FF FF FF FF FF FF FF FF FF 22 23 FF FF 
      26   00:D181                         db -1,-1,-1,-1,-1,-1,-1,-1,-1,-1,-1,-1,-1,-1,-1,-1,-1,-1,-1,-1,-1,-1,-1,-1,-1,-1,-1,-1,2,3,-1,-1
      26   00:D181  FF FF FF FF FF FF FF FF FF FF FF FF FF FF FF FF 
      26   00:D191  FF FF FF FF FF FF FF FF FF FF FF FF 02 03 FF FF 
      27   00:D1A1                         db -1,-1,-1,-1,-1,-1,-1,-1,-1,-1,-1,-1,-1,-1,-1,-1,-1,-1,-1,-1,-1,-1,-1,-1,-1,-1,-1,-1,34,35,-1,-1
      27   00:D1A1  FF FF FF FF FF FF FF FF FF FF FF FF FF FF FF FF 
      27   00:D1B1  FF FF FF FF FF FF FF FF FF FF FF FF 22 23 FF FF 
      28   00:D1C1                         db -1,-1,-1,-1,-1,-1,-1,-1,-1,-1,-1,-1,-1,-1,-1,-1,-1,-1,-1,-1,-1,-1,-1,-1,-1,-1,-1,-1,2,3,-1,-1
      28   00:D1C1  FF FF FF FF FF FF FF FF FF FF FF FF FF FF FF FF 
      28   00:D1D1  FF FF FF FF FF FF FF FF FF FF FF FF 02 03 FF FF 
      29   00:D1E1                         db -1,-1,-1,-1,-1,-1,-1,-1,-1,-1,-1,-1,-1,-1,-1,-1,-1,-1,-1,-1,-1,-1,-1,-1,-1,-1,-1,-1,34,35,-1,-1
      29   00:D1E1  FF FF FF FF FF FF FF FF FF FF FF FF FF FF FF FF 
      29   00:D1F1  FF FF FF FF FF FF FF FF FF FF FF FF 22 23 FF FF 
      30   00:D201                         db 4,5,5,4,2,3,5,4,-1,-1,5,4,5,4,5,4,5,4,5,4,5,5,-1,-1,4,5,4,5,4,5,4,5
      30   00:D201  04 05 05 04 02 03 05 04 FF FF 05 04 05 04 05 04 
      30   00:D211  05 04 05 04 05 05 FF FF 04 05 04 05 04 05 04 05 
      31   00:D221                         db 36,37,37,36,34,35,37,36,-1,-1,37,36,37,36,37,36,37,36,37,36,37,37,-1,-1,36,37,36,37,36,37,36,37
      31   00:D221  24 25 25 24 22 23 25 24 FF FF 25 24 25 24 25 24 
      31   00:D231  25 24 25 24 25 25 FF FF 24 25 24 25 24 25 24 25 
      32   00:D241                         db -1,-1,-1,-1,2,3,-1,-1,-1,-1,-1,-1,-1,-1,-1,-1,-1,-1,-1,-1,-1,-1,-1,-1,-1,-1,-1,-1,-1,-1,-1,-1
      32   00:D241  FF FF FF FF 02 03 FF FF FF FF FF FF FF FF FF FF 
      32   00:D251  FF FF FF FF FF FF FF FF FF FF FF FF FF FF FF FF 
      33   00:D261                         db -1,-1,-1,-1,34,35,-1,-1,-1,-1,-1,-1,-1,-1,-1,-1,-1,-1,-1,-1,-1,-1,-1,-1,-1,-1,-1,-1,-1,-1,-1,-1
      33   00:D261  FF FF FF FF 22 23 FF FF FF FF FF FF FF FF FF FF 
      33   00:D271  FF FF FF FF FF FF FF FF FF FF FF FF FF FF FF FF 
      34   00:D281                         db -1,-1,-1,-1,2,3,-1,-1,-1,-1,-1,-1,-1,-1,-1,-1,-1,-1,-1,-1,-1,-1,-1,-1,-1,-1,-1,-1,-1,-1,-1,-1
      34   00:D281  FF FF FF FF 02 03 FF FF FF FF FF FF FF FF FF FF 
      34   00:D291  FF FF FF FF FF FF FF FF FF FF FF FF FF FF FF FF 
      35   00:D2A1                         db -1,-1,-1,-1,34,35,-1,-1,-1,-1,-1,-1,-1,-1,-1,-1,-1,-1,-1,-1,-1,-1,-1,-1,-1,-1,-1,-1,-1,-1,-1,-1
      35   00:D2A1  FF FF FF FF 22 23 FF FF FF FF FF FF FF FF FF FF 
      35   00:D2B1  FF FF FF FF FF FF FF FF FF FF FF FF FF FF FF FF 
      36   00:D2C1                         db 4,5,4,5,36,37,5,4,5,4,5,4,5,4,4,5,4,5,4,5,5,4,5,5,4,5,4,5,5,4,4,5
      36   00:D2C1  04 05 04 05 24 25 05 04 05 04 05 04 05 04 04 05 
      36   00:D2D1  04 05 04 05 05 04 05 05 04 05 04 05 05 04 04 05 
      37   00:D2E1                      
      38   00:D2E1                      
      39   00:D2E1                      
      40   00:D2E1                      
      41   00:D2E1                      FINAL:

    LABELS
-------------------------------------------------
00:0000D000   INICIO
00:0000D001 X MAP
00:0000D2E1   FINAL


 Output: world0.out
-------------------------------------------------

 Page: 00
  Org: 0000D000  Size: *  Used: 00000000

    No output

 Output: world0.bin
-------------------------------------------------

 Page: 00
  Org: 0000D000  Size: *  Used: 000002E8

   Address   Length Align   Label
   0000D000     744         INICIO
